<?xml version="1.0" encoding="UTF-8"?>
<!-- Generated by org.testng.reporters.JUnitReportReporter -->
<testsuite skipped="0" hostname="DESKTOP-KVV1592" name="cucumberOptions.TestRunner" tests="1" failures="0" timestamp="06 Feb 2019 18:35:01 GMT" time="24.535" errors="0">
  <testcase name="feature" time="24.535" classname="cucumberOptions.TestRunner"/>
</testsuite> <!-- cucumberOptions.TestRunner -->
